<?xml version="1.0" encoding="UTF-8"?>
<!-- Generated by org.testng.reporters.JUnitReportReporter -->
<testsuite hostname="Kaushal" failures="0" tests="2" name="testNGTutorial.TestDemo" time="0.009" errors="0" timestamp="2023-06-27T11:59:22 IST" skipped="0">
  <testcase classname="testNGTutorial.TestDemo" name="hello" time="0.007"/>
  <testcase classname="testNGTutorial.TestDemo" name="print" time="0.002"/>
</testsuite> <!-- testNGTutorial.TestDemo -->
